<?xml version="1.0" encoding="UTF-8"?>
<testsuite name="fechasTest.FechasTest" tests="6" skipped="0" failures="0" errors="0" timestamp="2022-02-17T01:58:21" hostname="ERICK-MARTINEZ" time="0.087">
  <properties/>
  <testcase name="[1] 31, junio, 2020, 1 julio 2020" classname="fechasTest.FechasTest" time="0.071"/>
  <testcase name="[2] 5, febrero, 2012, 6 febrero 2012" classname="fechasTest.FechasTest" time="0.002"/>
  <testcase name="[3] 0, septiembre, 2011, dia incorrecto" classname="fechasTest.FechasTest" time="0.001"/>
  <testcase name="[4] 1, eneroo, 2013, mes incorrecto" classname="fechasTest.FechasTest" time="0.0"/>
  <testcase name="[5] 5, octubre, 3001, gestion incorrecta" classname="fechasTest.FechasTest" time="0.001"/>
  <testcase name="[6] 0, octubreeeee, 2020, ingresar nuevos datos" classname="fechasTest.FechasTest" time="0.001"/>
  <system-out><![CDATA[]]></system-out>
  <system-err><![CDATA[]]></system-err>
</testsuite>
